<?xml version="1.0" encoding="UTF-8"?>
<!-- Generated by org.testng.reporters.JUnitXMLReporter -->
<testsuite hostname="minds" ignored="0" name="Latitude Test" tests="5" failures="0" timestamp="10 Jul 2019 04:57:19 GMT" time="632.976" errors="0">
  <testcase name="clickoncourse" time="278.523" classname="com.LMS.testcases.AddCoursepageTest"/>
  <testcase name="clickoncourse" time="85.489" classname="com.LMS.testcases.AddInstitutionalrolepageTest"/>
  <testcase name="clickoncourse" time="85.528" classname="com.LMS.testcases.AddSystemrolepageTest"/>
  <testcase name="clickoncourse" time="121.578" classname="com.LMS.testcases.AddUserpageTest"/>
  <testcase name="clickoncourse" time="61.812" classname="com.LMS.testcases.CourseCatalogpageTest"/>
</testsuite> <!-- Latitude Test -->
