<?xml version="1.0" encoding="UTF-8"?>
<testng-results skipped="0" failed="0" ignored="0" total="1" passed="1">
  <reporter-output>
  </reporter-output>
  <suite name="Default suite" duration-ms="135911" started-at="2019-07-10T09:48:09Z" finished-at="2019-07-10T09:50:25Z">
    <groups>
    </groups>
    <test name="Default test" duration-ms="135911" started-at="2019-07-10T09:48:09Z" finished-at="2019-07-10T09:50:25Z">
      <class name="com.LMS.testcases.ViewOrgTermDisciplinepageTest">
        <test-method status="PASS" signature="clickoncourse()[pri:1, instance:com.LMS.testcases.ViewOrgTermDisciplinepageTest@675d3402]" name="clickoncourse" duration-ms="135873" started-at="2019-07-10T15:18:09Z" finished-at="2019-07-10T15:20:25Z">
          <reporter-output>
          </reporter-output>
        </test-method> <!-- clickoncourse -->
      </class> <!-- com.LMS.testcases.ViewOrgTermDisciplinepageTest -->
    </test> <!-- Default test -->
  </suite> <!-- Default suite -->
</testng-results>
